cargo :     Checking 
flowbot-rs v0.1.0 
(C:\Users\AMAN ANU\De
sktop\amxcodes\nanobo
t\nanobot-rs-clean)
At line:1 char:1
+ cargo check 2>&1 | 
Out-File -FilePath 
final_verify.log 
-Encoding utf8
+ ~~~~~~~~~~~~~~~~
    + CategoryInfo   
           : NotSpe  
  cified: (    Che   
 cking fl...nobot    
-rs-clean):Strin    
g) [], RemoteExc    
eption
    + FullyQualified 
   ErrorId : Native  
  CommandError
 
error: this file 
contains an unclosed 
delimiter
   --> src\agent\mod.
rs:237:3
    |
 43 | impl 
AgentProvider {
    |                
    - unclosed 
delimiter
...
 47 |     ) -> 
Result<Pin<Box<dyn 
Stream<Item = Result<
StreamedAssistantCont
ent<String>, rig::com
pletion::CompletionEr
ror>> + Send>>, rig::
completion::Completio
nError> {
    |                
                     
                     
                     
                     
                     
                     
                     
- unclosed delimiter
...
 69 |                
  let mapped = 
stream.map(|res| {
    |                
                     
           - this 
delimiter might not 
be properly closed...
...
 78 |                
 });
    |                
 - ...as it matches 
this but it has 
different indentation
...
237 | }
    |  ^

error: could not 
compile `flowbot-rs` 
(lib) due to 1 
previous error
