cargo :     Checking 
flowbot-rs v0.1.0 
(C:\Users\AMAN ANU\De
sktop\amxcodes\nanobo
t\nanobot-rs-clean)
At line:1 char:1
+ cargo check 2>&1 | 
Out-File -FilePath 
final_check_2.log 
-Encoding utf ...
+ ~~~~~~~~~~~~~~~~
    + CategoryInfo   
           : NotSpe  
  cified: (    Che   
 cking fl...nobot    
-rs-clean):Strin    
g) [], RemoteExc    
eption
    + FullyQualified 
   ErrorId : Native  
  CommandError
 
warning: fields 
`cron_scheduler` and 
`agent_manager` are 
never read
  --> 
src\agent\mod.rs:88:5
   |
85 | pub struct 
AgentLoop {
   |            
--------- fields in 
this struct
...
88 |     
cron_scheduler: crate
::cron::CronScheduler
,
   |     
^^^^^^^^^^^^^^
89 |     
agent_manager: std::s
ync::Arc<crate::gatew
ay::agent_manager::Ag
entManager>,
   |     
^^^^^^^^^^^^^
   |
   = note: 
`#[warn(dead_code)]` 
on by default

warning: 
`flowbot-rs` (lib) 
generated 1 warning
    Finished `dev` 
profile [unoptimized 
+ debuginfo] 
target(s) in 3.01s
